# JRE version: OpenJDK Runtime Environment (8.0_242-b01) (build 1.8.0_242-release-1644-b01)
# Java VM: OpenJDK 64-Bit Server VM (25.242-b01 mixed mode windows-amd64 compressed oops)
Heap:
 PSYoungGen      total 559616K, used 235525K [0x00000000d5580000, 0x00000000fb780000, 0x0000000100000000)
  eden space 507904K, 44% used [0x00000000d5580000,0x00000000e34a7e58,0x00000000f4580000)
  from space 51712K, 13% used [0x00000000f8500000,0x00000000f8bd9858,0x00000000fb780000)
  to   space 58368K, 5% used [0x00000000f4580000,0x00000000f48c8000,0x00000000f7e80000)
 ParOldGen       total 311296K, used 131323K [0x0000000080000000, 0x0000000093000000, 0x00000000d5580000)
  object space 311296K, 42% used [0x0000000080000000,0x000000008803ec20,0x0000000093000000)
 Metaspace       used 127487K, capacity 135420K, committed 135512K, reserved 1169408K
  class space    used 17117K, capacity 18711K, committed 18776K, reserved 1048576K
GC Heap History (10 events):
Event: 2576.883 GC heap before
{Heap before GC invocations=24 (full 4):
 PSYoungGen      total 346624K, used 330977K [0x00000000d5580000, 0x00000000eff00000, 0x0000000100000000)
  eden space 299520K, 100% used [0x00000000d5580000,0x00000000e7a00000,0x00000000e7a00000)
  from space 47104K, 66% used [0x00000000e7a00000,0x00000000e98b87c0,0x00000000ea800000)
  to   space 48128K, 0% used [0x00000000ed000000,0x00000000ed000000,0x00000000eff00000)
 ParOldGen       total 311296K, used 91639K [0x0000000080000000, 0x0000000093000000, 0x00000000d5580000)
  object space 311296K, 29% used [0x0000000080000000,0x000000008597dc10,0x0000000093000000)
 Metaspace       used 118008K, capacity 123924K, committed 124120K, reserved 1157120K
  class space    used 15543K, capacity 16787K, committed 16856K, reserved 1048576K
Event: 2576.956 GC heap after
Heap after GC invocations=24 (full 4):
 PSYoungGen      total 381440K, used 46225K [0x00000000d5580000, 0x00000000f0a80000, 0x0000000100000000)
  eden space 333312K, 0% used [0x00000000d5580000,0x00000000d5580000,0x00000000e9b00000)
  from space 48128K, 96% used [0x00000000ed000000,0x00000000efd246e8,0x00000000eff00000)
  to   space 54272K, 0% used [0x00000000e9b00000,0x00000000e9b00000,0x00000000ed000000)
 ParOldGen       total 311296K, used 91647K [0x0000000080000000, 0x0000000093000000, 0x00000000d5580000)
  object space 311296K, 29% used [0x0000000080000000,0x000000008597fc10,0x0000000093000000)
 Metaspace       used 118008K, capacity 123924K, committed 124120K, reserved 1157120K
  class space    used 15543K, capacity 16787K, committed 16856K, reserved 1048576K
}
Event: 2577.453 GC heap before
{Heap before GC invocations=25 (full 4):
 PSYoungGen      total 381440K, used 379537K [0x00000000d5580000, 0x00000000f0a80000, 0x0000000100000000)
  eden space 333312K, 100% used [0x00000000d5580000,0x00000000e9b00000,0x00000000e9b00000)
  from space 48128K, 96% used [0x00000000ed000000,0x00000000efd246e8,0x00000000eff00000)
  to   space 54272K, 0% used [0x00000000e9b00000,0x00000000e9b00000,0x00000000ed000000)
 ParOldGen       total 311296K, used 91664K [0x0000000080000000, 0x0000000093000000, 0x00000000d5580000)
  object space 311296K, 29% used [0x0000000080000000,0x00000000859840e8,0x0000000093000000)
 Metaspace       used 118139K, capacity 124058K, committed 124376K, reserved 1157120K
  class space    used 15552K, capacity 16788K, committed 16856K, reserved 1048576K
Event: 2577.486 GC heap after
Heap after GC invocations=25 (full 4):
 PSYoungGen      total 387584K, used 54243K [0x00000000d5580000, 0x00000000f5480000, 0x0000000100000000)
  eden space 333312K, 0% used [0x00000000d5580000,0x00000000d5580000,0x00000000e9b00000)
  from space 54272K, 99% used [0x00000000e9b00000,0x00000000ecff8fe0,0x00000000ed000000)
  to   space 62976K, 0% used [0x00000000f1700000,0x00000000f1700000,0x00000000f5480000)
 ParOldGen       total 311296K, used 93495K [0x0000000080000000, 0x0000000093000000, 0x00000000d5580000)
  object space 311296K, 30% used [0x0000000080000000,0x0000000085b4ded8,0x0000000093000000)
 Metaspace       used 118139K, capacity 124058K, committed 124376K, reserved 1157120K
  class space    used 15552K, capacity 16788K, committed 16856K, reserved 1048576K
}
Event: 2577.852 GC heap before
{Heap before GC invocations=26 (full 4):
 PSYoungGen      total 387584K, used 387555K [0x00000000d5580000, 0x00000000f5480000, 0x0000000100000000)
  eden space 333312K, 100% used [0x00000000d5580000,0x00000000e9b00000,0x00000000e9b00000)
  from space 54272K, 99% used [0x00000000e9b00000,0x00000000ecff8fe0,0x00000000ed000000)
  to   space 62976K, 0% used [0x00000000f1700000,0x00000000f1700000,0x00000000f5480000)
 ParOldGen       total 311296K, used 93498K [0x0000000080000000, 0x0000000093000000, 0x00000000d5580000)
  object space 311296K, 30% used [0x0000000080000000,0x0000000085b4e9a8,0x0000000093000000)
 Metaspace       used 118142K, capacity 124058K, committed 124376K, reserved 1157120K
  class space    used 15552K, capacity 16788K, committed 16856K, reserved 1048576K
Event: 2577.972 GC heap after
Heap after GC invocations=26 (full 4):
 PSYoungGen      total 462336K, used 31380K [0x00000000d5580000, 0x00000000f7300000, 0x0000000100000000)
  eden space 399360K, 0% used [0x00000000d5580000,0x00000000d5580000,0x00000000edb80000)
  from space 62976K, 49% used [0x00000000f1700000,0x00000000f35a52d0,0x00000000f5480000)
  to   space 60928K, 0% used [0x00000000edb80000,0x00000000edb80000,0x00000000f1700000)
 ParOldGen       total 311296K, used 118456K [0x0000000080000000, 0x0000000093000000, 0x00000000d5580000)
  object space 311296K, 38% used [0x0000000080000000,0x00000000873ae028,0x0000000093000000)
 Metaspace       used 118142K, capacity 124058K, committed 124376K, reserved 1157120K
  class space    used 15552K, capacity 16788K, committed 16856K, reserved 1048576K
}
Event: 2578.511 GC heap before
{Heap before GC invocations=27 (full 4):
 PSYoungGen      total 462336K, used 430740K [0x00000000d5580000, 0x00000000f7300000, 0x0000000100000000)
  eden space 399360K, 100% used [0x00000000d5580000,0x00000000edb80000,0x00000000edb80000)
  from space 62976K, 49% used [0x00000000f1700000,0x00000000f35a52d0,0x00000000f5480000)
  to   space 60928K, 0% used [0x00000000edb80000,0x00000000edb80000,0x00000000f1700000)
 ParOldGen       total 311296K, used 118456K [0x0000000080000000, 0x0000000093000000, 0x00000000d5580000)
  object space 311296K, 38% used [0x0000000080000000,0x00000000873ae028,0x0000000093000000)
 Metaspace       used 118144K, capacity 124058K, committed 124376K, reserved 1157120K
  class space    used 15552K, capacity 16788K, committed 16856K, reserved 1048576K
Event: 2578.543 GC heap after
Heap after GC invocations=27 (full 4):
 PSYoungGen      total 460288K, used 28083K [0x00000000d5580000, 0x00000000fbd00000, 0x0000000100000000)
  eden space 399360K, 0% used [0x00000000d5580000,0x00000000d5580000,0x00000000edb80000)
  from space 60928K, 46% used [0x00000000edb80000,0x00000000ef6ecdb0,0x00000000f1700000)
  to   space 57344K, 0% used [0x00000000f8500000,0x00000000f8500000,0x00000000fbd00000)
 ParOldGen       total 311296K, used 121553K [0x0000000080000000, 0x0000000093000000, 0x00000000d5580000)
  object space 311296K, 39% used [0x0000000080000000,0x00000000876b4440,0x0000000093000000)
 Metaspace       used 118144K, capacity 124058K, committed 124376K, reserved 1157120K
  class space    used 15552K, capacity 16788K, committed 16856K, reserved 1048576K
}
Event: 2580.248 GC heap before
{Heap before GC invocations=28 (full 4):
 PSYoungGen      total 460288K, used 427413K [0x00000000d5580000, 0x00000000fbd00000, 0x0000000100000000)
  eden space 399360K, 99% used [0x00000000d5580000,0x00000000edb78988,0x00000000edb80000)
  from space 60928K, 46% used [0x00000000edb80000,0x00000000ef6ecdb0,0x00000000f1700000)
  to   space 57344K, 0% used [0x00000000f8500000,0x00000000f8500000,0x00000000fbd00000)
 ParOldGen       total 311296K, used 121553K [0x0000000080000000, 0x0000000093000000, 0x00000000d5580000)
  object space 311296K, 39% used [0x0000000080000000,0x00000000876b4440,0x0000000093000000)
 Metaspace       used 118725K, capacity 124710K, committed 124888K, reserved 1157120K
  class space    used 15626K, capacity 16854K, committed 16856K, reserved 1048576K
Event: 2580.275 GC heap after
Heap after GC invocations=28 (full 4):
 PSYoungGen      total 559616K, used 7014K [0x00000000d5580000, 0x00000000fb780000, 0x0000000100000000)
  eden space 507904K, 0% used [0x00000000d5580000,0x00000000d5580000,0x00000000f4580000)
  from space 51712K, 13% used [0x00000000f8500000,0x00000000f8bd9858,0x00000000fb780000)
  to   space 58368K, 0% used [0x00000000f4580000,0x00000000f4580000,0x00000000f7e80000)
 ParOldGen       total 311296K, used 129946K [0x0000000080000000, 0x0000000093000000, 0x00000000d5580000)
  object space 311296K, 41% used [0x0000000080000000,0x0000000087ee6b20,0x0000000093000000)
 Metaspace       used 118725K, capacity 124710K, committed 124888K, reserved 1157120K
  class space    used 15626K, capacity 16854K, committed 16856K, reserved 1048576K
}

